1697140613988:help
1697140625170:quit
1697144511253:help
1697144515803:sendEmail
1697145534940:sendEmail -u
1697146536654:sendEmail
1697146545909:sendEmail -u
1697146550506:help
1697146561251:sendEmail --args
1697146592661:sendEmail
1697474613198:exit
1697771952335:sendEmail
1697837595224:sendEmail.com
1697837601416:sendEmail
1697912950771:exit
1697913230925:sendEmail
1697914235236:exit
1697914253644:sendEmail
1701916828958:simpleMessage -m
1701917804684:simpleMessage -f
1701917902758:simpleMessage
1701917924978:stacktrace
1701917983954:quit
1701918072742:simpleMessage -f "Kanii"
1701989116633:sendHtml
1704176574116:help
1704176605179:sendHtml help
1704176625371:help sendHtml
1704176643201:sendHtml -h
1704176652825:clear
1704176771269:sendHtml --html "C:\\Users\\BunnySoo\\Desktop\\html email\\email.html"
1704177117588:sendHtml -f @Override
1704177135965:sendHtml -f "C:\\Users\\BunnySoo\\Desktop\\html email\\email.html"
1704177210100:stacktrace
1704177315334:sendHtml -f C:\\Users\\BunnySoo\\Desktop\\html email\\email.html
1704177398422:sendHtml -f "C:\\\\Users\\\\BunnySoo\\\\Desktop\\\\html email\\\\email.html"
1704177655716:sendHtml
1704180784256:sendHtml -f "C:\\Users\\BunnySoo\\Desktop\\html email\\email.html"
1704181094657:sendHtml -f "C:\\Users\\\\BunnySoo\\\\Desktop\\\\html email\\\\email.html"
1704429289668:sendAttachments -d C:\\\\Users\\\\BunnySoo\\\\Pictures\\\\Camera Roll -i C:\\\\Users\\\\BunnySoo\\\\Pictures\\\\Camera Roll
1704429375545:sendAttachments -d
1704429408351:sendAttachments -d C:\\\\Users\\\\BunnySoo\\\\Pictures\\\\Camera Roll
1704429598950:sendAttachments -d "C:\\\\Users\\\\BunnySoo\\\\Pictures\\\\Camera Roll"
1704430019874:sendHtml -f "C:\\\\Users\\\\BunnySoo\\\\Desktop\\\\html email" -d "C:\\\\Users\\\\BunnySoo\\\\Pictures\\\\Camera Roll" -i "C:\\\\Users\\\\BunnySoo\\\\Pictures\\\\Camera Roll"
1704430046373:stacktrace
1704430129706:sendHtml -f "C:\\\\Users\\\\BunnySoo\\\\Desktop\\\\html email" -d "C:\\\\Users\\\\BunnySoo\\\\Pictures\\\\Camera Roll" -i "C:\\\\Users\\\\BunnySoo\\\\Pictures\\\\Camera Roll"
1704430492940:sendHtml -f "C:\\\\Users\\\\BunnySoo\\\\Desktop\\\\html email\\\\email.html" -d "C:\\\\Users\\\\BunnySoo\\\\Pictures\\\\Camera Roll" -i "C:\\\\Users\\\\BunnySoo\\\\Pictures\\\\Camera Roll"
1704430712300:sendHtml -f "C:\\Users\\BunnySoo\\Desktop\\html email\\email.html" -d "C:\\\\Users\\\\BunnySoo\\\\Pictures\\\\Camera Roll" -i "C:\\\\Users\\\\BunnySoo\\\\Pictures\\\\Camera Roll"
1704430755737:sendHtml -f "C:\\\\Users\\\\BunnySoo\\\\Desktop\\\\html email\\\\email.html" -d "C:\\\\Users\\\\BunnySoo\\\\Pictures\\\\Camera Roll" -i "C:\\\\Users\\\\BunnySoo\\\\Pictures\\\\Camera Roll"
